{"numFailedTestSuites":1,"numFailedTests":1,"numPassedTestSuites":18,"numPassedTests":282,"numPendingTestSuites":0,"numPendingTests":0,"numRuntimeErrorTestSuites":0,"numTodoTests":0,"numTotalTestSuites":19,"numTotalTests":283,"openHandles":[],"snapshot":{"added":0,"didUpdate":false,"failure":false,"filesAdded":0,"filesRemoved":0,"filesRemovedList":[],"filesUnmatched":0,"filesUpdated":0,"matched":0,"total":0,"unchecked":0,"uncheckedKeysByFile":[],"unmatched":0,"updated":0},"startTime":1762095885267,"success":false,"testResults":[{"assertionResults":[{"ancestorTitles":["MissionService - Badges"],"duration":8,"failing":false,"failureDetails":[],"failureMessages":[],"fullName":"MissionService - Badges should unlock badge for counter mission via onDreamSaved","invocations":1,"location":null,"numPassingAsserts":2,"retryReasons":[],"startAt":1762095886221,"status":"passed","title":"should unlock badge for counter mission via onDreamSaved"},{"ancestorTitles":["MissionService - Badges"],"duration":1,"failing":false,"failureDetails":[],"failureMessages":[],"fullName":"MissionService - Badges should not unlock badge for counter mission if already completed via onDreamSaved","invocations":1,"location":null,"numPassingAsserts":1,"retryReasons":[],"startAt":1762095886231,"status":"passed","title":"should not unlock badge for counter mission if already completed via onDreamSaved"},{"ancestorTitles":["MissionService - Badges"],"duration":2,"failing":false,"failureDetails":[],"failureMessages":[],"fullName":"MissionService - Badges should unlock badge for event mission via onDreamReinterpreted","invocations":1,"location":null,"numPassingAsserts":2,"retryReasons":[],"startAt":1762095886232,"status":"passed","title":"should unlock badge for event mission via onDreamReinterpreted"},{"ancestorTitles":["MissionService - Badges"],"duration":1,"failing":false,"failureDetails":[],"failureMessages":[],"fullName":"MissionService - Badges should not unlock badge for event mission if not completed via onDreamReinterpreted","invocations":1,"location":null,"numPassingAsserts":1,"retryReasons":[],"startAt":1762095886234,"status":"passed","title":"should not unlock badge for event mission if not completed via onDreamReinterpreted"},{"ancestorTitles":["MissionService - Badges"],"duration":5,"failing":false,"failureDetails":[{"matcherResult":{"actual":[],"expected":[{"id":"b2"}],"message":"\u001b[2mexpect(\u001b[22m\u001b[31mreceived\u001b[39m\u001b[2m).\u001b[22mtoEqual\u001b[2m(\u001b[22m\u001b[32mexpected\u001b[39m\u001b[2m) // deep equality\u001b[22m\n\n\u001b[32m- Expected  - 5\u001b[39m\n\u001b[31m+ Received  + 1\u001b[39m\n\n\u001b[32m- Array [\u001b[39m\n\u001b[32m-   Object {\u001b[39m\n\u001b[32m-     \"id\": \"b2\",\u001b[39m\n\u001b[32m-   },\u001b[39m\n\u001b[32m- ]\u001b[39m\n\u001b[31m+ Array []\u001b[39m","name":"toEqual","pass":false}}],"failureMessages":["Error: \u001b[2mexpect(\u001b[22m\u001b[31mreceived\u001b[39m\u001b[2m).\u001b[22mtoEqual\u001b[2m(\u001b[22m\u001b[32mexpected\u001b[39m\u001b[2m) // deep equality\u001b[22m\n\n\u001b[32m- Expected  - 5\u001b[39m\n\u001b[31m+ Received  + 1\u001b[39m\n\n\u001b[32m- Array [\u001b[39m\n\u001b[32m-   Object {\u001b[39m\n\u001b[32m-     \"id\": \"b2\",\u001b[39m\n\u001b[32m-   },\u001b[39m\n\u001b[32m- ]\u001b[39m\n\u001b[31m+ Array []\u001b[39m\n    at Object.<anonymous> (D:\\Facultad\\TI\\oniria3\\oniria-api\\test\\unit\\application\\services\\mission.service.test.ts:95:20)"],"fullName":"MissionService - Badges should unlock badge for streak mission via onDreamSaved","invocations":1,"location":null,"numPassingAsserts":0,"retryReasons":[],"startAt":1762095886235,"status":"failed","title":"should unlock badge for streak mission via onDreamSaved"}],"endTime":1762095886266,"message":"\u001b[1m\u001b[31m  \u001b[1m● \u001b[22m\u001b[1mMissionService - Badges › should unlock badge for streak mission via onDreamSaved\u001b[39m\u001b[22m\n\n    \u001b[2mexpect(\u001b[22m\u001b[31mreceived\u001b[39m\u001b[2m).\u001b[22mtoEqual\u001b[2m(\u001b[22m\u001b[32mexpected\u001b[39m\u001b[2m) // deep equality\u001b[22m\n\n    \u001b[32m- Expected  - 5\u001b[39m\n    \u001b[31m+ Received  + 1\u001b[39m\n\n    \u001b[32m- Array [\u001b[39m\n    \u001b[32m-   Object {\u001b[39m\n    \u001b[32m-     \"id\": \"b2\",\u001b[39m\n    \u001b[32m-   },\u001b[39m\n    \u001b[32m- ]\u001b[39m\n    \u001b[31m+ Array []\u001b[39m\n\u001b[2m\u001b[22m\n\u001b[2m    \u001b[0m \u001b[90m 93 |\u001b[39m\u001b[22m\n\u001b[2m     \u001b[90m 94 |\u001b[39m     \u001b[36mconst\u001b[39m badges \u001b[33m=\u001b[39m \u001b[36mawait\u001b[39m missionService\u001b[33m.\u001b[39monDreamSaved(\u001b[32m'user'\u001b[39m)\u001b[33m;\u001b[39m\u001b[22m\n\u001b[2m    \u001b[31m\u001b[1m>\u001b[22m\u001b[2m\u001b[39m\u001b[90m 95 |\u001b[39m     expect(badges)\u001b[33m.\u001b[39mtoEqual([{ id\u001b[33m:\u001b[39m \u001b[32m'b2'\u001b[39m }])\u001b[33m;\u001b[39m\u001b[22m\n\u001b[2m     \u001b[90m    |\u001b[39m                    \u001b[31m\u001b[1m^\u001b[22m\u001b[2m\u001b[39m\u001b[22m\n\u001b[2m     \u001b[90m 96 |\u001b[39m     expect(badgeRepository\u001b[33m.\u001b[39mawardBadge)\u001b[33m.\u001b[39mtoHaveBeenCalledWith(\u001b[32m'user'\u001b[39m\u001b[33m,\u001b[39m \u001b[32m'b2'\u001b[39m)\u001b[33m;\u001b[39m\u001b[22m\n\u001b[2m     \u001b[90m 97 |\u001b[39m   })\u001b[33m;\u001b[39m\u001b[22m\n\u001b[2m     \u001b[90m 98 |\u001b[39m })\u001b[33m;\u001b[39m\u001b[0m\u001b[22m\n\u001b[2m\u001b[22m\n\u001b[2m      \u001b[2mat Object.<anonymous> (\u001b[22m\u001b[2m\u001b[0m\u001b[36mtest/unit/application/services/mission.service.test.ts\u001b[39m\u001b[0m\u001b[2m:95:20)\u001b[22m\u001b[2m\u001b[22m\n","name":"D:\\Facultad\\TI\\oniria3\\oniria-api\\test\\unit\\application\\services\\mission.service.test.ts","startTime":1762095885688,"status":"failed","summary":""},{"assertionResults":[{"ancestorTitles":["validateBody(ReinterpreteDreamRequestDto) Middleware"],"duration":58,"failing":false,"failureDetails":[],"failureMessages":[],"fullName":"validateBody(ReinterpreteDreamRequestDto) Middleware should accept valid request body","invocations":1,"location":null,"numPassingAsserts":2,"retryReasons":[],"startAt":1762095887241,"status":"passed","title":"should accept valid request body"},{"ancestorTitles":["validateBody(ReinterpreteDreamRequestDto) Middleware"],"duration":9,"failing":false,"failureDetails":[],"failureMessages":[],"fullName":"validateBody(ReinterpreteDreamRequestDto) Middleware should return 400 for missing description","invocations":1,"location":null,"numPassingAsserts":4,"retryReasons":[],"startAt":1762095887300,"status":"passed","title":"should return 400 for missing description"},{"ancestorTitles":["validateBody(ReinterpreteDreamRequestDto) Middleware"],"duration":10,"failing":false,"failureDetails":[],"failureMessages":[],"fullName":"validateBody(ReinterpreteDreamRequestDto) Middleware should return 400 for invalid JSON","invocations":1,"location":null,"numPassingAsserts":1,"retryReasons":[],"startAt":1762095887309,"status":"passed","title":"should return 400 for invalid JSON"},{"ancestorTitles":["validateBody(ReinterpreteDreamRequestDto) Middleware"],"duration":6,"failing":false,"failureDetails":[],"failureMessages":[],"fullName":"validateBody(ReinterpreteDreamRequestDto) Middleware should return 400 for too short description","invocations":1,"location":null,"numPassingAsserts":2,"retryReasons":[],"startAt":1762095887320,"status":"passed","title":"should return 400 for too short description"}],"endTime":1762095887327,"message":"","name":"D:\\Facultad\\TI\\oniria3\\oniria-api\\test\\unit\\infraestructure\\middleware\\validate-class.middleware.test.ts","startTime":1762095886283,"status":"passed","summary":""},{"assertionResults":[{"ancestorTitles":["DreamNodeController Integration Tests","GET /api/dreams/history"],"duration":34,"failing":false,"failureDetails":[],"failureMessages":[],"fullName":"DreamNodeController Integration Tests GET /api/dreams/history should return 200 status with test user data","invocations":1,"location":null,"numPassingAsserts":4,"retryReasons":[],"startAt":1762095887643,"status":"passed","title":"should return 200 status with test user data"},{"ancestorTitles":["DreamNodeController Integration Tests","GET /api/dreams/history"],"duration":6,"failing":false,"failureDetails":[],"failureMessages":[],"fullName":"DreamNodeController Integration Tests GET /api/dreams/history should return empty array for user with no dreams","invocations":1,"location":null,"numPassingAsserts":3,"retryReasons":[],"startAt":1762095887678,"status":"passed","title":"should return empty array for user with no dreams"},{"ancestorTitles":["DreamNodeController Integration Tests","GET /api/dreams/history","Complete filters and parameters"],"duration":6,"failing":false,"failureDetails":[],"failureMessages":[],"fullName":"DreamNodeController Integration Tests GET /api/dreams/history Complete filters and parameters should filter by state (Active)","invocations":1,"location":null,"numPassingAsserts":4,"retryReasons":[],"startAt":1762095887684,"status":"passed","title":"should filter by state (Active)"},{"ancestorTitles":["DreamNodeController Integration Tests","GET /api/dreams/history","Complete filters and parameters"],"duration":5,"failing":false,"failureDetails":[],"failureMessages":[],"fullName":"DreamNodeController Integration Tests GET /api/dreams/history Complete filters and parameters should filter by state (Archived)","invocations":1,"location":null,"numPassingAsserts":4,"retryReasons":[],"startAt":1762095887691,"status":"passed","title":"should filter by state (Archived)"},{"ancestorTitles":["DreamNodeController Integration Tests","GET /api/dreams/history","Complete filters and parameters"],"duration":9,"failing":false,"failureDetails":[],"failureMessages":[],"fullName":"DreamNodeController Integration Tests GET /api/dreams/history Complete filters and parameters should filter by privacy (Public)","invocations":1,"location":null,"numPassingAsserts":4,"retryReasons":[],"startAt":1762095887696,"status":"passed","title":"should filter by privacy (Public)"},{"ancestorTitles":["DreamNodeController Integration Tests","GET /api/dreams/history","Complete filters and parameters"],"duration":6,"failing":false,"failureDetails":[],"failureMessages":[],"fullName":"DreamNodeController Integration Tests GET /api/dreams/history Complete filters and parameters should filter by privacy (Private)","invocations":1,"location":null,"numPassingAsserts":4,"retryReasons":[],"startAt":1762095887706,"status":"passed","title":"should filter by privacy (Private)"},{"ancestorTitles":["DreamNodeController Integration Tests","GET /api/dreams/history","Complete filters and parameters"],"duration":6,"failing":false,"failureDetails":[],"failureMessages":[],"fullName":"DreamNodeController Integration Tests GET /api/dreams/history Complete filters and parameters should filter by emotion (Happiness)","invocations":1,"location":null,"numPassingAsserts":4,"retryReasons":[],"startAt":1762095887712,"status":"passed","title":"should filter by emotion (Happiness)"},{"ancestorTitles":["DreamNodeController Integration Tests","GET /api/dreams/history","Complete filters and parameters"],"duration":5,"failing":false,"failureDetails":[],"failureMessages":[],"fullName":"DreamNodeController Integration Tests GET /api/dreams/history Complete filters and parameters should filter by emotion (Sadness)","invocations":1,"location":null,"numPassingAsserts":4,"retryReasons":[],"startAt":1762095887719,"status":"passed","title":"should filter by emotion (Sadness)"},{"ancestorTitles":["DreamNodeController Integration Tests","GET /api/dreams/history","Complete filters and parameters"],"duration":7,"failing":false,"failureDetails":[],"failureMessages":[],"fullName":"DreamNodeController Integration Tests GET /api/dreams/history Complete filters and parameters should filter by search term in title","invocations":1,"location":null,"numPassingAsserts":3,"retryReasons":[],"startAt":1762095887724,"status":"passed","title":"should filter by search term in title"},{"ancestorTitles":["DreamNodeController Integration Tests","GET /api/dreams/history","Complete filters and parameters"],"duration":6,"failing":false,"failureDetails":[],"failureMessages":[],"fullName":"DreamNodeController Integration Tests GET /api/dreams/history Complete filters and parameters should filter by date range (from)","invocations":1,"location":null,"numPassingAsserts":4,"retryReasons":[],"startAt":1762095887732,"status":"passed","title":"should filter by date range (from)"},{"ancestorTitles":["DreamNodeController Integration Tests","GET /api/dreams/history","Complete filters and parameters"],"duration":5,"failing":false,"failureDetails":[],"failureMessages":[],"fullName":"DreamNodeController Integration Tests GET /api/dreams/history Complete filters and parameters should filter by date range (to)","invocations":1,"location":null,"numPassingAsserts":4,"retryReasons":[],"startAt":1762095887738,"status":"passed","title":"should filter by date range (to)"},{"ancestorTitles":["DreamNodeController Integration Tests","GET /api/dreams/history","Complete filters and parameters"],"duration":5,"failing":false,"failureDetails":[],"failureMessages":[],"fullName":"DreamNodeController Integration Tests GET /api/dreams/history Complete filters and parameters should filter by date range (from and to)","invocations":1,"location":null,"numPassingAsserts":3,"retryReasons":[],"startAt":1762095887744,"status":"passed","title":"should filter by date range (from and to)"},{"ancestorTitles":["DreamNodeController Integration Tests","GET /api/dreams/history"],"duration":5,"failing":false,"failureDetails":[],"failureMessages":[],"fullName":"DreamNodeController Integration Tests GET /api/dreams/history should combine multiple filters (state + privacy)","invocations":1,"location":null,"numPassingAsserts":5,"retryReasons":[],"startAt":1762095887750,"status":"passed","title":"should combine multiple filters (state + privacy)"},{"ancestorTitles":["DreamNodeController Integration Tests","GET /api/dreams/history"],"duration":5,"failing":false,"failureDetails":[],"failureMessages":[],"fullName":"DreamNodeController Integration Tests GET /api/dreams/history should combine multiple filters (emotion + search)","invocations":1,"location":null,"numPassingAsserts":4,"retryReasons":[],"startAt":1762095887755,"status":"passed","title":"should combine multiple filters (emotion + search)"},{"ancestorTitles":["DreamNodeController Integration Tests","GET /api/dreams/history"],"duration":5,"failing":false,"failureDetails":[],"failureMessages":[],"fullName":"DreamNodeController Integration Tests GET /api/dreams/history should return empty array when no dreams match filters","invocations":1,"location":null,"numPassingAsserts":3,"retryReasons":[],"startAt":1762095887760,"status":"passed","title":"should return empty array when no dreams match filters"},{"ancestorTitles":["DreamNodeController Integration Tests","GET /api/dreams/history"],"duration":12,"failing":false,"failureDetails":[],"failureMessages":[],"fullName":"DreamNodeController Integration Tests GET /api/dreams/history should handle pagination with filters","invocations":1,"location":null,"numPassingAsserts":7,"retryReasons":[],"startAt":1762095887766,"status":"passed","title":"should handle pagination with filters"},{"ancestorTitles":["DreamNodeController Integration Tests","GET /api/dreams/history"],"duration":9,"failing":false,"failureDetails":[],"failureMessages":[],"fullName":"DreamNodeController Integration Tests GET /api/dreams/history should combine filters with pagination","invocations":1,"location":null,"numPassingAsserts":4,"retryReasons":[],"startAt":1762095887779,"status":"passed","title":"should combine filters with pagination"},{"ancestorTitles":["DreamNodeController Integration Tests","GET /api/dreams/history"],"duration":5,"failing":false,"failureDetails":[],"failureMessages":[],"fullName":"DreamNodeController Integration Tests GET /api/dreams/history should test all filters combined","invocations":1,"location":null,"numPassingAsserts":8,"retryReasons":[],"startAt":1762095887788,"status":"passed","title":"should test all filters combined"},{"ancestorTitles":["DreamNodeController Integration Tests","Complete pagination tests with large dataset"],"duration":8,"failing":false,"failureDetails":[],"failureMessages":[],"fullName":"DreamNodeController Integration Tests Complete pagination tests with large dataset should return page 1 correctly with default pagination","invocations":1,"location":null,"numPassingAsserts":5,"retryReasons":[],"startAt":1762095887793,"status":"passed","title":"should return page 1 correctly with default pagination"},{"ancestorTitles":["DreamNodeController Integration Tests","Complete pagination tests with large dataset"],"duration":5,"failing":false,"failureDetails":[],"failureMessages":[],"fullName":"DreamNodeController Integration Tests Complete pagination tests with large dataset should return page 2 correctly","invocations":1,"location":null,"numPassingAsserts":5,"retryReasons":[],"startAt":1762095887802,"status":"passed","title":"should return page 2 correctly"},{"ancestorTitles":["DreamNodeController Integration Tests","Complete pagination tests with large dataset"],"duration":5,"failing":false,"failureDetails":[],"failureMessages":[],"fullName":"DreamNodeController Integration Tests Complete pagination tests with large dataset should return last page correctly (page 3)","invocations":1,"location":null,"numPassingAsserts":5,"retryReasons":[],"startAt":1762095887808,"status":"passed","title":"should return last page correctly (page 3)"},{"ancestorTitles":["DreamNodeController Integration Tests","Complete pagination tests with large dataset"],"duration":6,"failing":false,"failureDetails":[],"failureMessages":[],"fullName":"DreamNodeController Integration Tests Complete pagination tests with large dataset should return empty page when requesting non-existent page","invocations":1,"location":null,"numPassingAsserts":3,"retryReasons":[],"startAt":1762095887813,"status":"passed","title":"should return empty page when requesting non-existent page"},{"ancestorTitles":["DreamNodeController Integration Tests","Complete pagination tests with large dataset"],"duration":6,"failing":false,"failureDetails":[],"failureMessages":[],"fullName":"DreamNodeController Integration Tests Complete pagination tests with large dataset should work with different page limits","invocations":1,"location":null,"numPassingAsserts":5,"retryReasons":[],"startAt":1762095887819,"status":"passed","title":"should work with different page limits"},{"ancestorTitles":["DreamNodeController Integration Tests","Complete pagination tests with large dataset"],"duration":5,"failing":false,"failureDetails":[],"failureMessages":[],"fullName":"DreamNodeController Integration Tests Complete pagination tests with large dataset should handle limit of 1 correctly","invocations":1,"location":null,"numPassingAsserts":4,"retryReasons":[],"startAt":1762095887825,"status":"passed","title":"should handle limit of 1 correctly"},{"ancestorTitles":["DreamNodeController Integration Tests","Complete pagination tests with large dataset"],"duration":6,"failing":false,"failureDetails":[],"failureMessages":[],"fullName":"DreamNodeController Integration Tests Complete pagination tests with large dataset should handle large page size correctly","invocations":1,"location":null,"numPassingAsserts":5,"retryReasons":[],"startAt":1762095887831,"status":"passed","title":"should handle large page size correctly"},{"ancestorTitles":["DreamNodeController Integration Tests","Complete pagination tests with large dataset"],"duration":18,"failing":false,"failureDetails":[],"failureMessages":[],"fullName":"DreamNodeController Integration Tests Complete pagination tests with large dataset should navigate through all pages sequentially","invocations":1,"location":null,"numPassingAsserts":32,"retryReasons":[],"startAt":1762095887838,"status":"passed","title":"should navigate through all pages sequentially"},{"ancestorTitles":["DreamNodeController Integration Tests","Complete pagination tests with large dataset"],"duration":6,"failing":false,"failureDetails":[],"failureMessages":[],"fullName":"DreamNodeController Integration Tests Complete pagination tests with large dataset should handle edge cases with zero results","invocations":1,"location":null,"numPassingAsserts":3,"retryReasons":[],"startAt":1762095887857,"status":"passed","title":"should handle edge cases with zero results"},{"ancestorTitles":["DreamNodeController Integration Tests","SaveDreamNode Integration Tests - POST /save"],"duration":13,"failing":false,"failureDetails":[],"failureMessages":[],"fullName":"DreamNodeController Integration Tests SaveDreamNode Integration Tests - POST /save should save a dream node successfully","invocations":1,"location":null,"numPassingAsserts":3,"retryReasons":[],"startAt":1762095887864,"status":"passed","title":"should save a dream node successfully"},{"ancestorTitles":["DreamNodeController Integration Tests","SaveDreamNode Integration Tests - POST /save"],"duration":6,"failing":false,"failureDetails":[],"failureMessages":[],"fullName":"DreamNodeController Integration Tests SaveDreamNode Integration Tests - POST /save should return 400 if request body is invalid","invocations":1,"location":null,"numPassingAsserts":2,"retryReasons":[],"startAt":1762095887877,"status":"passed","title":"should return 400 if request body is invalid"},{"ancestorTitles":["DreamNodeController Integration Tests","SaveDreamNode Integration Tests - POST /save"],"duration":9,"failing":false,"failureDetails":[],"failureMessages":[],"fullName":"DreamNodeController Integration Tests SaveDreamNode Integration Tests - POST /save should store multiple dreams","invocations":1,"location":null,"numPassingAsserts":2,"retryReasons":[],"startAt":1762095887884,"status":"passed","title":"should store multiple dreams"}],"endTime":1762095887895,"message":"","name":"D:\\Facultad\\TI\\oniria3\\oniria-api\\test\\integration\\dream-node.integration.test.ts","startTime":1762095887338,"status":"passed","summary":""},{"assertionResults":[{"ancestorTitles":["Dream API Integration Tests","POST /api/dreams/reinterpret"],"duration":26,"failing":false,"failureDetails":[],"failureMessages":[],"fullName":"Dream API Integration Tests POST /api/dreams/reinterpret should successfully reinterpret a dream","invocations":1,"location":null,"numPassingAsserts":2,"retryReasons":[],"startAt":1762095888139,"status":"passed","title":"should successfully reinterpret a dream"},{"ancestorTitles":["Dream API Integration Tests","POST /api/dreams/reinterpret"],"duration":16,"failing":false,"failureDetails":[],"failureMessages":[],"fullName":"Dream API Integration Tests POST /api/dreams/reinterpret should return 500 when interpretation provider fails","invocations":1,"location":null,"numPassingAsserts":2,"retryReasons":[],"startAt":1762095888166,"status":"passed","title":"should return 500 when interpretation provider fails"},{"ancestorTitles":["Dream API Integration Tests","POST /api/dreams/reinterpret"],"duration":6,"failing":false,"failureDetails":[],"failureMessages":[],"fullName":"Dream API Integration Tests POST /api/dreams/reinterpret should handle large description inputs","invocations":1,"location":null,"numPassingAsserts":1,"retryReasons":[],"startAt":1762095888182,"status":"passed","title":"should handle large description inputs"},{"ancestorTitles":["Dream API Integration Tests","POST /api/dreams/reinterpret"],"duration":5,"failing":false,"failureDetails":[],"failureMessages":[],"fullName":"Dream API Integration Tests POST /api/dreams/reinterpret should handle special characters in description","invocations":1,"location":null,"numPassingAsserts":1,"retryReasons":[],"startAt":1762095888188,"status":"passed","title":"should handle special characters in description"},{"ancestorTitles":["Dream API Integration Tests","POST /api/dreams/interpret"],"duration":5,"failing":false,"failureDetails":[],"failureMessages":[],"fullName":"Dream API Integration Tests POST /api/dreams/interpret should successfully interpret a dream","invocations":1,"location":null,"numPassingAsserts":3,"retryReasons":[],"startAt":1762095888194,"status":"passed","title":"should successfully interpret a dream"},{"ancestorTitles":["Dream API Integration Tests","POST /api/dreams/interpret"],"duration":5,"failing":false,"failureDetails":[],"failureMessages":[],"fullName":"Dream API Integration Tests POST /api/dreams/interpret should return 500 when illustration service fails","invocations":1,"location":null,"numPassingAsserts":2,"retryReasons":[],"startAt":1762095888200,"status":"passed","title":"should return 500 when illustration service fails"},{"ancestorTitles":["Dream API Integration Tests","POST /api/dreams/interpret"],"duration":9,"failing":false,"failureDetails":[],"failureMessages":[],"fullName":"Dream API Integration Tests POST /api/dreams/interpret should handle large description inputs","invocations":1,"location":null,"numPassingAsserts":1,"retryReasons":[],"startAt":1762095888206,"status":"passed","title":"should handle large description inputs"},{"ancestorTitles":["Dream API Integration Tests","POST /api/dreams/interpret"],"duration":5,"failing":false,"failureDetails":[],"failureMessages":[],"fullName":"Dream API Integration Tests POST /api/dreams/interpret should handle special characters in description","invocations":1,"location":null,"numPassingAsserts":1,"retryReasons":[],"startAt":1762095888216,"status":"passed","title":"should handle special characters in description"},{"ancestorTitles":["Dream API Integration Tests","POST /api/dreams/interpret"],"duration":9,"failing":false,"failureDetails":[],"failureMessages":[],"fullName":"Dream API Integration Tests POST /api/dreams/interpret should handle different types of dream emotions","invocations":1,"location":null,"numPassingAsserts":2,"retryReasons":[],"startAt":1762095888221,"status":"passed","title":"should handle different types of dream emotions"},{"ancestorTitles":["Dream API Integration Tests","POST /api/dreams/interpret"],"duration":13,"failing":false,"failureDetails":[],"failureMessages":[],"fullName":"Dream API Integration Tests POST /api/dreams/interpret should handle multiple concurrent requests to reinterpret","invocations":1,"location":null,"numPassingAsserts":3,"retryReasons":[],"startAt":1762095888230,"status":"passed","title":"should handle multiple concurrent requests to reinterpret"},{"ancestorTitles":["Dream API Integration Tests","Error handling and edge cases","Timeout scenarios"],"duration":107,"failing":false,"failureDetails":[],"failureMessages":[],"fullName":"Dream API Integration Tests Error handling and edge cases Timeout scenarios should handle timeout in reinterpret endpoint","invocations":1,"location":null,"numPassingAsserts":1,"retryReasons":[],"startAt":1762095888243,"status":"passed","title":"should handle timeout in reinterpret endpoint"},{"ancestorTitles":["Dream API Integration Tests","Error handling and edge cases","Timeout scenarios"],"duration":109,"failing":false,"failureDetails":[],"failureMessages":[],"fullName":"Dream API Integration Tests Error handling and edge cases Timeout scenarios should handle timeout in interpret endpoint","invocations":1,"location":null,"numPassingAsserts":1,"retryReasons":[],"startAt":1762095888351,"status":"passed","title":"should handle timeout in interpret endpoint"}],"endTime":1762095888462,"message":"","name":"D:\\Facultad\\TI\\oniria3\\oniria-api\\test\\integration\\dream-interpret.integration.test.ts","startTime":1762095887903,"status":"passed","summary":""},{"assertionResults":[{"ancestorTitles":["ReinterpreteDreamRequestDto Validation"],"duration":5,"failing":false,"failureDetails":[],"failureMessages":[],"fullName":"ReinterpreteDreamRequestDto Validation should validate successfully with valid data","invocations":1,"location":null,"numPassingAsserts":1,"retryReasons":[],"startAt":1762095888853,"status":"passed","title":"should validate successfully with valid data"},{"ancestorTitles":["ReinterpreteDreamRequestDto Validation"],"duration":1,"failing":false,"failureDetails":[],"failureMessages":[],"fullName":"ReinterpreteDreamRequestDto Validation should fail validation for missing description","invocations":1,"location":null,"numPassingAsserts":2,"retryReasons":[],"startAt":1762095888859,"status":"passed","title":"should fail validation for missing description"},{"ancestorTitles":["ReinterpreteDreamRequestDto Validation"],"duration":1,"failing":false,"failureDetails":[],"failureMessages":[],"fullName":"ReinterpreteDreamRequestDto Validation should fail validation for missing previousInterpretation","invocations":1,"location":null,"numPassingAsserts":2,"retryReasons":[],"startAt":1762095888860,"status":"passed","title":"should fail validation for missing previousInterpretation"},{"ancestorTitles":["ReinterpreteDreamRequestDto Validation"],"duration":1,"failing":false,"failureDetails":[],"failureMessages":[],"fullName":"ReinterpreteDreamRequestDto Validation should fail validation for description too short","invocations":1,"location":null,"numPassingAsserts":2,"retryReasons":[],"startAt":1762095888861,"status":"passed","title":"should fail validation for description too short"},{"ancestorTitles":["ReinterpreteDreamRequestDto Validation"],"duration":1,"failing":false,"failureDetails":[],"failureMessages":[],"fullName":"ReinterpreteDreamRequestDto Validation should fail validation for previousInterpretation too short","invocations":1,"location":null,"numPassingAsserts":2,"retryReasons":[],"startAt":1762095888862,"status":"passed","title":"should fail validation for previousInterpretation too short"},{"ancestorTitles":["ReinterpreteDreamRequestDto Validation"],"duration":0,"failing":false,"failureDetails":[],"failureMessages":[],"fullName":"ReinterpreteDreamRequestDto Validation should pass validation for long descriptions","invocations":1,"location":null,"numPassingAsserts":1,"retryReasons":[],"startAt":1762095888864,"status":"passed","title":"should pass validation for long descriptions"}],"endTime":1762095888866,"message":"","name":"D:\\Facultad\\TI\\oniria3\\oniria-api\\test\\unit\\application\\dtos\\dream-dto.validation.test.ts","startTime":1762095888512,"status":"passed","summary":""},{"assertionResults":[{"ancestorTitles":["contentModerationMiddleware"],"duration":25,"failing":false,"failureDetails":[],"failureMessages":[],"fullName":"contentModerationMiddleware blocks when description contains an inappropriate word","invocations":1,"location":null,"numPassingAsserts":2,"retryReasons":[],"startAt":1762095889141,"status":"passed","title":"blocks when description contains an inappropriate word"},{"ancestorTitles":["contentModerationMiddleware"],"duration":6,"failing":false,"failureDetails":[],"failureMessages":[],"fullName":"contentModerationMiddleware blocks when previousInterpretation contains a pattern","invocations":1,"location":null,"numPassingAsserts":2,"retryReasons":[],"startAt":1762095889167,"status":"passed","title":"blocks when previousInterpretation contains a pattern"},{"ancestorTitles":["contentModerationMiddleware"],"duration":5,"failing":false,"failureDetails":[],"failureMessages":[],"fullName":"contentModerationMiddleware allows benign content","invocations":1,"location":null,"numPassingAsserts":2,"retryReasons":[],"startAt":1762095889174,"status":"passed","title":"allows benign content"}],"endTime":1762095889181,"message":"","name":"D:\\Facultad\\TI\\oniria3\\oniria-api\\test\\unit\\infraestructure\\middleware\\content-moderation.middleware.test.ts","startTime":1762095888877,"status":"passed","summary":""},{"assertionResults":[{"ancestorTitles":["SkinService","getUserSkins"],"duration":2,"failing":false,"failureDetails":[],"failureMessages":[],"fullName":"SkinService getUserSkins should return skins successfully","invocations":1,"location":null,"numPassingAsserts":4,"retryReasons":[],"startAt":1762095889461,"status":"passed","title":"should return skins successfully"},{"ancestorTitles":["SkinService","getUserSkins"],"duration":19,"failing":false,"failureDetails":[],"failureMessages":[],"fullName":"SkinService getUserSkins should handle errors gracefully","invocations":1,"location":null,"numPassingAsserts":4,"retryReasons":[],"startAt":1762095889464,"status":"passed","title":"should handle errors gracefully"},{"ancestorTitles":["SkinService","getUserSkins"],"duration":1,"failing":false,"failureDetails":[],"failureMessages":[],"fullName":"SkinService getUserSkins should handle empty userId","invocations":1,"location":null,"numPassingAsserts":4,"retryReasons":[],"startAt":1762095889484,"status":"passed","title":"should handle empty userId"},{"ancestorTitles":["SkinService","getDefaultSkins"],"duration":1,"failing":false,"failureDetails":[],"failureMessages":[],"fullName":"SkinService getDefaultSkins should return default skins successfully","invocations":1,"location":null,"numPassingAsserts":2,"retryReasons":[],"startAt":1762095889486,"status":"passed","title":"should return default skins successfully"},{"ancestorTitles":["SkinService","getDefaultSkins"],"duration":1,"failing":false,"failureDetails":[],"failureMessages":[],"fullName":"SkinService getDefaultSkins should handle errors gracefully","invocations":1,"location":null,"numPassingAsserts":2,"retryReasons":[],"startAt":1762095889488,"status":"passed","title":"should handle errors gracefully"},{"ancestorTitles":["SkinService","checkSkinAccess"],"duration":1,"failing":false,"failureDetails":[],"failureMessages":[],"fullName":"SkinService checkSkinAccess should return true for default skins","invocations":1,"location":null,"numPassingAsserts":2,"retryReasons":[],"startAt":1762095889490,"status":"passed","title":"should return true for default skins"},{"ancestorTitles":["SkinService","checkSkinAccess"],"duration":1,"failing":false,"failureDetails":[],"failureMessages":[],"fullName":"SkinService checkSkinAccess should return true for skins included in user plan","invocations":1,"location":null,"numPassingAsserts":2,"retryReasons":[],"startAt":1762095889491,"status":"passed","title":"should return true for skins included in user plan"},{"ancestorTitles":["SkinService","checkSkinAccess"],"duration":0,"failing":false,"failureDetails":[],"failureMessages":[],"fullName":"SkinService checkSkinAccess should return false for non-existent skin","invocations":1,"location":null,"numPassingAsserts":2,"retryReasons":[],"startAt":1762095889493,"status":"passed","title":"should return false for non-existent skin"},{"ancestorTitles":["SkinService","checkSkinAccess"],"duration":0,"failing":false,"failureDetails":[],"failureMessages":[],"fullName":"SkinService checkSkinAccess should return false when no userId is provided","invocations":1,"location":null,"numPassingAsserts":2,"retryReasons":[],"startAt":1762095889494,"status":"passed","title":"should return false when no userId is provided"},{"ancestorTitles":["SkinService","updateSkin"],"duration":1,"failing":false,"failureDetails":[],"failureMessages":[],"fullName":"SkinService updateSkin should update skin successfully","invocations":1,"location":null,"numPassingAsserts":3,"retryReasons":[],"startAt":1762095889495,"status":"passed","title":"should update skin successfully"},{"ancestorTitles":["SkinService","updateSkin"],"duration":8,"failing":false,"failureDetails":[],"failureMessages":[],"fullName":"SkinService updateSkin should throw error when skin not found","invocations":1,"location":null,"numPassingAsserts":1,"retryReasons":[],"startAt":1762095889496,"status":"passed","title":"should throw error when skin not found"},{"ancestorTitles":["SkinService","updateSkin"],"duration":2,"failing":false,"failureDetails":[],"failureMessages":[],"fullName":"SkinService updateSkin should validate update data","invocations":1,"location":null,"numPassingAsserts":2,"retryReasons":[],"startAt":1762095889505,"status":"passed","title":"should validate update data"}],"endTime":1762095889508,"message":"","name":"D:\\Facultad\\TI\\oniria3\\oniria-api\\test\\unit\\application\\services\\skin.service.test.ts","startTime":1762095889191,"status":"passed","summary":""},{"assertionResults":[{"ancestorTitles":["InterpretationOpenAIProvider","constructor"],"duration":7,"failing":false,"failureDetails":[],"failureMessages":[],"fullName":"InterpretationOpenAIProvider constructor should initialize OpenAI with correct API key","invocations":1,"location":null,"numPassingAsserts":1,"retryReasons":[],"startAt":1762095889901,"status":"passed","title":"should initialize OpenAI with correct API key"},{"ancestorTitles":["InterpretationOpenAIProvider","interpretDream"],"duration":11,"failing":false,"failureDetails":[],"failureMessages":[],"fullName":"InterpretationOpenAIProvider interpretDream should interpret dream successfully with valid JSON response","invocations":1,"location":null,"numPassingAsserts":2,"retryReasons":[],"startAt":1762095889909,"status":"passed","title":"should interpret dream successfully with valid JSON response"},{"ancestorTitles":["InterpretationOpenAIProvider","interpretDream"],"duration":3,"failing":false,"failureDetails":[],"failureMessages":[],"fullName":"InterpretationOpenAIProvider interpretDream should handle invalid JSON response gracefully","invocations":1,"location":null,"numPassingAsserts":1,"retryReasons":[],"startAt":1762095889921,"status":"passed","title":"should handle invalid JSON response gracefully"},{"ancestorTitles":["InterpretationOpenAIProvider","interpretDream"],"duration":3,"failing":false,"failureDetails":[],"failureMessages":[],"fullName":"InterpretationOpenAIProvider interpretDream should handle empty response gracefully","invocations":1,"location":null,"numPassingAsserts":1,"retryReasons":[],"startAt":1762095889924,"status":"passed","title":"should handle empty response gracefully"},{"ancestorTitles":["InterpretationOpenAIProvider","interpretDream"],"duration":2,"failing":false,"failureDetails":[],"failureMessages":[],"fullName":"InterpretationOpenAIProvider interpretDream should handle missing choices in response","invocations":1,"location":null,"numPassingAsserts":1,"retryReasons":[],"startAt":1762095889928,"status":"passed","title":"should handle missing choices in response"},{"ancestorTitles":["InterpretationOpenAIProvider","interpretDream"],"duration":3,"failing":false,"failureDetails":[],"failureMessages":[],"fullName":"InterpretationOpenAIProvider interpretDream should capitalize emotion correctly","invocations":1,"location":null,"numPassingAsserts":1,"retryReasons":[],"startAt":1762095889931,"status":"passed","title":"should capitalize emotion correctly"},{"ancestorTitles":["InterpretationOpenAIProvider","interpretDream"],"duration":3,"failing":false,"failureDetails":[],"failureMessages":[],"fullName":"InterpretationOpenAIProvider interpretDream should handle partial JSON response","invocations":1,"location":null,"numPassingAsserts":1,"retryReasons":[],"startAt":1762095889934,"status":"passed","title":"should handle partial JSON response"},{"ancestorTitles":["InterpretationOpenAIProvider","interpretDream"],"duration":26,"failing":false,"failureDetails":[],"failureMessages":[],"fullName":"InterpretationOpenAIProvider interpretDream should throw error when OpenAI API fails","invocations":1,"location":null,"numPassingAsserts":1,"retryReasons":[],"startAt":1762095889938,"status":"passed","title":"should throw error when OpenAI API fails"},{"ancestorTitles":["InterpretationOpenAIProvider","interpretDream"],"duration":3,"failing":false,"failureDetails":[],"failureMessages":[],"fullName":"InterpretationOpenAIProvider interpretDream should handle OpenAI API error without message","invocations":1,"location":null,"numPassingAsserts":1,"retryReasons":[],"startAt":1762095889965,"status":"passed","title":"should handle OpenAI API error without message"},{"ancestorTitles":["InterpretationOpenAIProvider","reinterpretDream"],"duration":3,"failing":false,"failureDetails":[],"failureMessages":[],"fullName":"InterpretationOpenAIProvider reinterpretDream should reinterpret dream successfully with valid JSON response","invocations":1,"location":null,"numPassingAsserts":2,"retryReasons":[],"startAt":1762095889969,"status":"passed","title":"should reinterpret dream successfully with valid JSON response"},{"ancestorTitles":["InterpretationOpenAIProvider","reinterpretDream"],"duration":2,"failing":false,"failureDetails":[],"failureMessages":[],"fullName":"InterpretationOpenAIProvider reinterpretDream should include previous interpretation in prompt","invocations":1,"location":null,"numPassingAsserts":2,"retryReasons":[],"startAt":1762095889972,"status":"passed","title":"should include previous interpretation in prompt"},{"ancestorTitles":["InterpretationOpenAIProvider","reinterpretDream"],"duration":2,"failing":false,"failureDetails":[],"failureMessages":[],"fullName":"InterpretationOpenAIProvider reinterpretDream should use high temperature for creative reinterpretation","invocations":1,"location":null,"numPassingAsserts":1,"retryReasons":[],"startAt":1762095889975,"status":"passed","title":"should use high temperature for creative reinterpretation"},{"ancestorTitles":["InterpretationOpenAIProvider","reinterpretDream"],"duration":3,"failing":false,"failureDetails":[],"failureMessages":[],"fullName":"InterpretationOpenAIProvider reinterpretDream should handle invalid JSON in reinterpretation","invocations":1,"location":null,"numPassingAsserts":1,"retryReasons":[],"startAt":1762095889977,"status":"passed","title":"should handle invalid JSON in reinterpretation"},{"ancestorTitles":["InterpretationOpenAIProvider","reinterpretDream"],"duration":8,"failing":false,"failureDetails":[],"failureMessages":[],"fullName":"InterpretationOpenAIProvider reinterpretDream should throw error when reinterpretation API fails","invocations":1,"location":null,"numPassingAsserts":1,"retryReasons":[],"startAt":1762095889980,"status":"passed","title":"should throw error when reinterpretation API fails"},{"ancestorTitles":["InterpretationOpenAIProvider","reinterpretDream"],"duration":3,"failing":false,"failureDetails":[],"failureMessages":[],"fullName":"InterpretationOpenAIProvider reinterpretDream should handle reinterpretation error without message","invocations":1,"location":null,"numPassingAsserts":1,"retryReasons":[],"startAt":1762095889988,"status":"passed","title":"should handle reinterpretation error without message"},{"ancestorTitles":["InterpretationOpenAIProvider","reinterpretDream"],"duration":2,"failing":false,"failureDetails":[],"failureMessages":[],"fullName":"InterpretationOpenAIProvider reinterpretDream should capitalize emotion in reinterpretation","invocations":1,"location":null,"numPassingAsserts":1,"retryReasons":[],"startAt":1762095889991,"status":"passed","title":"should capitalize emotion in reinterpretation"},{"ancestorTitles":["InterpretationOpenAIProvider","edge cases"],"duration":3,"failing":false,"failureDetails":[],"failureMessages":[],"fullName":"InterpretationOpenAIProvider edge cases should handle null response content","invocations":1,"location":null,"numPassingAsserts":1,"retryReasons":[],"startAt":1762095889993,"status":"passed","title":"should handle null response content"},{"ancestorTitles":["InterpretationOpenAIProvider","edge cases"],"duration":2,"failing":false,"failureDetails":[],"failureMessages":[],"fullName":"InterpretationOpenAIProvider edge cases should handle undefined response content","invocations":1,"location":null,"numPassingAsserts":1,"retryReasons":[],"startAt":1762095889997,"status":"passed","title":"should handle undefined response content"},{"ancestorTitles":["InterpretationOpenAIProvider","fine-tuning model support"],"duration":3,"failing":false,"failureDetails":[],"failureMessages":[],"fullName":"InterpretationOpenAIProvider fine-tuning model support should use fine-tuned model when OPENAI_FINE_TUNED_MODEL is set in constructor","invocations":1,"location":null,"numPassingAsserts":1,"retryReasons":[],"startAt":1762095890000,"status":"passed","title":"should use fine-tuned model when OPENAI_FINE_TUNED_MODEL is set in constructor"},{"ancestorTitles":["InterpretationOpenAIProvider","fine-tuning model support"],"duration":3,"failing":false,"failureDetails":[],"failureMessages":[],"fullName":"InterpretationOpenAIProvider fine-tuning model support should fall back to OPENAI_MODEL when OPENAI_FINE_TUNED_MODEL is not set","invocations":1,"location":null,"numPassingAsserts":1,"retryReasons":[],"startAt":1762095890004,"status":"passed","title":"should fall back to OPENAI_MODEL when OPENAI_FINE_TUNED_MODEL is not set"},{"ancestorTitles":["InterpretationOpenAIProvider","fine-tuning model support"],"duration":2,"failing":false,"failureDetails":[],"failureMessages":[],"fullName":"InterpretationOpenAIProvider fine-tuning model support should use default model when no env vars are set","invocations":1,"location":null,"numPassingAsserts":1,"retryReasons":[],"startAt":1762095890008,"status":"passed","title":"should use default model when no env vars are set"},{"ancestorTitles":["InterpretationOpenAIProvider","fine-tuning model support"],"duration":2,"failing":false,"failureDetails":[],"failureMessages":[],"fullName":"InterpretationOpenAIProvider fine-tuning model support should use fine-tuned model for reinterpretation when set","invocations":1,"location":null,"numPassingAsserts":1,"retryReasons":[],"startAt":1762095890011,"status":"passed","title":"should use fine-tuned model for reinterpretation when set"},{"ancestorTitles":["InterpretationOpenAIProvider","fine-tuning model support"],"duration":2,"failing":false,"failureDetails":[],"failureMessages":[],"fullName":"InterpretationOpenAIProvider fine-tuning model support should log the model being used for interpretation","invocations":1,"location":null,"numPassingAsserts":1,"retryReasons":[],"startAt":1762095890013,"status":"passed","title":"should log the model being used for interpretation"},{"ancestorTitles":["InterpretationOpenAIProvider","fine-tuning model support"],"duration":2,"failing":false,"failureDetails":[],"failureMessages":[],"fullName":"InterpretationOpenAIProvider fine-tuning model support should log the model being used for reinterpretation","invocations":1,"location":null,"numPassingAsserts":1,"retryReasons":[],"startAt":1762095890016,"status":"passed","title":"should log the model being used for reinterpretation"}],"endTime":1762095890020,"message":"","name":"D:\\Facultad\\TI\\oniria3\\oniria-api\\test\\unit\\infraestructure\\providers\\interpretation-opeanAI.provider.test.ts","startTime":1762095889546,"status":"passed","summary":""},{"assertionResults":[{"ancestorTitles":["TranscriptionWhisperProvider"],"duration":3,"failing":false,"failureDetails":[],"failureMessages":[],"fullName":"TranscriptionWhisperProvider debe transcribir el audio correctamente","invocations":1,"location":null,"numPassingAsserts":4,"retryReasons":[],"startAt":1762095890378,"status":"passed","title":"debe transcribir el audio correctamente"},{"ancestorTitles":["TranscriptionWhisperProvider"],"duration":11,"failing":false,"failureDetails":[],"failureMessages":[],"fullName":"TranscriptionWhisperProvider debe lanzar un error si ocurre una excepción","invocations":1,"location":null,"numPassingAsserts":1,"retryReasons":[],"startAt":1762095890382,"status":"passed","title":"debe lanzar un error si ocurre una excepción"}],"endTime":1762095890394,"message":"","name":"D:\\Facultad\\TI\\oniria3\\oniria-api\\test\\unit\\infraestructure\\providers\\transcription-audio-whisper.provider.test.ts","startTime":1762095890110,"status":"passed","summary":""},{"assertionResults":[{"ancestorTitles":["ContentModerationService — extensive test suite"],"duration":4,"failing":false,"failureDetails":[],"failureMessages":[],"fullName":"ContentModerationService — extensive test suite flags when the word \"matar\" appears (simple include)","invocations":1,"location":null,"numPassingAsserts":2,"retryReasons":[],"startAt":1762095890545,"status":"passed","title":"flags when the word \"matar\" appears (simple include)"},{"ancestorTitles":["ContentModerationService — extensive test suite"],"duration":2,"failing":false,"failureDetails":[],"failureMessages":[],"fullName":"ContentModerationService — extensive test suite flags when the word \"morir\" appears (simple include)","invocations":1,"location":null,"numPassingAsserts":2,"retryReasons":[],"startAt":1762095890550,"status":"passed","title":"flags when the word \"morir\" appears (simple include)"},{"ancestorTitles":["ContentModerationService — extensive test suite"],"duration":1,"failing":false,"failureDetails":[],"failureMessages":[],"fullName":"ContentModerationService — extensive test suite flags when the word \"muerte\" appears (simple include)","invocations":1,"location":null,"numPassingAsserts":2,"retryReasons":[],"startAt":1762095890553,"status":"passed","title":"flags when the word \"muerte\" appears (simple include)"},{"ancestorTitles":["ContentModerationService — extensive test suite"],"duration":1,"failing":false,"failureDetails":[],"failureMessages":[],"fullName":"ContentModerationService — extensive test suite flags when the word \"asesinar\" appears (simple include)","invocations":1,"location":null,"numPassingAsserts":2,"retryReasons":[],"startAt":1762095890555,"status":"passed","title":"flags when the word \"asesinar\" appears (simple include)"},{"ancestorTitles":["ContentModerationService — extensive test suite"],"duration":1,"failing":false,"failureDetails":[],"failureMessages":[],"fullName":"ContentModerationService — extensive test suite flags when the word \"suicidio\" appears (simple include)","invocations":1,"location":null,"numPassingAsserts":2,"retryReasons":[],"startAt":1762095890557,"status":"passed","title":"flags when the word \"suicidio\" appears (simple include)"},{"ancestorTitles":["ContentModerationService — extensive test suite"],"duration":2,"failing":false,"failureDetails":[],"failureMessages":[],"fullName":"ContentModerationService — extensive test suite flags when the word \"golpear\" appears (simple include)","invocations":1,"location":null,"numPassingAsserts":2,"retryReasons":[],"startAt":1762095890558,"status":"passed","title":"flags when the word \"golpear\" appears (simple include)"},{"ancestorTitles":["ContentModerationService — extensive test suite"],"duration":2,"failing":false,"failureDetails":[],"failureMessages":[],"fullName":"ContentModerationService — extensive test suite flags when the word \"apuñalar\" appears (simple include)","invocations":1,"location":null,"numPassingAsserts":2,"retryReasons":[],"startAt":1762095890560,"status":"passed","title":"flags when the word \"apuñalar\" appears (simple include)"},{"ancestorTitles":["ContentModerationService — extensive test suite"],"duration":1,"failing":false,"failureDetails":[],"failureMessages":[],"fullName":"ContentModerationService — extensive test suite flags when the word \"disparar\" appears (simple include)","invocations":1,"location":null,"numPassingAsserts":2,"retryReasons":[],"startAt":1762095890563,"status":"passed","title":"flags when the word \"disparar\" appears (simple include)"},{"ancestorTitles":["ContentModerationService — extensive test suite"],"duration":1,"failing":false,"failureDetails":[],"failureMessages":[],"fullName":"ContentModerationService — extensive test suite flags when the word \"torturar\" appears (simple include)","invocations":1,"location":null,"numPassingAsserts":2,"retryReasons":[],"startAt":1762095890565,"status":"passed","title":"flags when the word \"torturar\" appears (simple include)"},{"ancestorTitles":["ContentModerationService — extensive test suite"],"duration":2,"failing":false,"failureDetails":[],"failureMessages":[],"fullName":"ContentModerationService — extensive test suite flags when the word \"masacrar\" appears (simple include)","invocations":1,"location":null,"numPassingAsserts":2,"retryReasons":[],"startAt":1762095890566,"status":"passed","title":"flags when the word \"masacrar\" appears (simple include)"},{"ancestorTitles":["ContentModerationService — extensive test suite"],"duration":1,"failing":false,"failureDetails":[],"failureMessages":[],"fullName":"ContentModerationService — extensive test suite flags when the word \"acuchillar\" appears (simple include)","invocations":1,"location":null,"numPassingAsserts":2,"retryReasons":[],"startAt":1762095890569,"status":"passed","title":"flags when the word \"acuchillar\" appears (simple include)"},{"ancestorTitles":["ContentModerationService — extensive test suite"],"duration":1,"failing":false,"failureDetails":[],"failureMessages":[],"fullName":"ContentModerationService — extensive test suite flags when the word \"estrangular\" appears (simple include)","invocations":1,"location":null,"numPassingAsserts":2,"retryReasons":[],"startAt":1762095890571,"status":"passed","title":"flags when the word \"estrangular\" appears (simple include)"},{"ancestorTitles":["ContentModerationService — extensive test suite"],"duration":1,"failing":false,"failureDetails":[],"failureMessages":[],"fullName":"ContentModerationService — extensive test suite flags when the word \"violar\" appears (simple include)","invocations":1,"location":null,"numPassingAsserts":2,"retryReasons":[],"startAt":1762095890572,"status":"passed","title":"flags when the word \"violar\" appears (simple include)"},{"ancestorTitles":["ContentModerationService — extensive test suite"],"duration":1,"failing":false,"failureDetails":[],"failureMessages":[],"fullName":"ContentModerationService — extensive test suite flags when the word \"mutilar\" appears (simple include)","invocations":1,"location":null,"numPassingAsserts":2,"retryReasons":[],"startAt":1762095890574,"status":"passed","title":"flags when the word \"mutilar\" appears (simple include)"},{"ancestorTitles":["ContentModerationService — extensive test suite"],"duration":1,"failing":false,"failureDetails":[],"failureMessages":[],"fullName":"ContentModerationService — extensive test suite flags when the word \"decapitar\" appears (simple include)","invocations":1,"location":null,"numPassingAsserts":2,"retryReasons":[],"startAt":1762095890576,"status":"passed","title":"flags when the word \"decapitar\" appears (simple include)"},{"ancestorTitles":["ContentModerationService — extensive test suite"],"duration":1,"failing":false,"failureDetails":[],"failureMessages":[],"fullName":"ContentModerationService — extensive test suite flags when the word \"sangre\" appears (simple include)","invocations":1,"location":null,"numPassingAsserts":2,"retryReasons":[],"startAt":1762095890577,"status":"passed","title":"flags when the word \"sangre\" appears (simple include)"},{"ancestorTitles":["ContentModerationService — extensive test suite"],"duration":1,"failing":false,"failureDetails":[],"failureMessages":[],"fullName":"ContentModerationService — extensive test suite flags when the word \"bomba\" appears (simple include)","invocations":1,"location":null,"numPassingAsserts":2,"retryReasons":[],"startAt":1762095890579,"status":"passed","title":"flags when the word \"bomba\" appears (simple include)"},{"ancestorTitles":["ContentModerationService — extensive test suite"],"duration":1,"failing":false,"failureDetails":[],"failureMessages":[],"fullName":"ContentModerationService — extensive test suite flags when the word \"pistola\" appears (simple include)","invocations":1,"location":null,"numPassingAsserts":2,"retryReasons":[],"startAt":1762095890581,"status":"passed","title":"flags when the word \"pistola\" appears (simple include)"},{"ancestorTitles":["ContentModerationService — extensive test suite"],"duration":1,"failing":false,"failureDetails":[],"failureMessages":[],"fullName":"ContentModerationService — extensive test suite flags when the word \"cuchillo\" appears (simple include)","invocations":1,"location":null,"numPassingAsserts":2,"retryReasons":[],"startAt":1762095890583,"status":"passed","title":"flags when the word \"cuchillo\" appears (simple include)"},{"ancestorTitles":["ContentModerationService — extensive test suite"],"duration":2,"failing":false,"failureDetails":[],"failureMessages":[],"fullName":"ContentModerationService — extensive test suite flags when the word \"arma\" appears (simple include)","invocations":1,"location":null,"numPassingAsserts":2,"retryReasons":[],"startAt":1762095890585,"status":"passed","title":"flags when the word \"arma\" appears (simple include)"},{"ancestorTitles":["ContentModerationService — extensive test suite"],"duration":1,"failing":false,"failureDetails":[],"failureMessages":[],"fullName":"ContentModerationService — extensive test suite flags when the word \"odio\" appears (simple include)","invocations":1,"location":null,"numPassingAsserts":2,"retryReasons":[],"startAt":1762095890587,"status":"passed","title":"flags when the word \"odio\" appears (simple include)"},{"ancestorTitles":["ContentModerationService — extensive test suite"],"duration":1,"failing":false,"failureDetails":[],"failureMessages":[],"fullName":"ContentModerationService — extensive test suite flags when the word \"idiota\" appears (simple include)","invocations":1,"location":null,"numPassingAsserts":2,"retryReasons":[],"startAt":1762095890589,"status":"passed","title":"flags when the word \"idiota\" appears (simple include)"},{"ancestorTitles":["ContentModerationService — extensive test suite"],"duration":1,"failing":false,"failureDetails":[],"failureMessages":[],"fullName":"ContentModerationService — extensive test suite flags when the word \"estupido\" appears (simple include)","invocations":1,"location":null,"numPassingAsserts":2,"retryReasons":[],"startAt":1762095890591,"status":"passed","title":"flags when the word \"estupido\" appears (simple include)"},{"ancestorTitles":["ContentModerationService — extensive test suite"],"duration":1,"failing":false,"failureDetails":[],"failureMessages":[],"fullName":"ContentModerationService — extensive test suite flags when the word \"imbecil\" appears (simple include)","invocations":1,"location":null,"numPassingAsserts":2,"retryReasons":[],"startAt":1762095890593,"status":"passed","title":"flags when the word \"imbecil\" appears (simple include)"},{"ancestorTitles":["ContentModerationService — extensive test suite"],"duration":1,"failing":false,"failureDetails":[],"failureMessages":[],"fullName":"ContentModerationService — extensive test suite flags when the word \"pendejo\" appears (simple include)","invocations":1,"location":null,"numPassingAsserts":2,"retryReasons":[],"startAt":1762095890594,"status":"passed","title":"flags when the word \"pendejo\" appears (simple include)"},{"ancestorTitles":["ContentModerationService — extensive test suite"],"duration":1,"failing":false,"failureDetails":[],"failureMessages":[],"fullName":"ContentModerationService — extensive test suite flags when the word \"retrasado\" appears (simple include)","invocations":1,"location":null,"numPassingAsserts":2,"retryReasons":[],"startAt":1762095890596,"status":"passed","title":"flags when the word \"retrasado\" appears (simple include)"},{"ancestorTitles":["ContentModerationService — extensive test suite"],"duration":2,"failing":false,"failureDetails":[],"failureMessages":[],"fullName":"ContentModerationService — extensive test suite flags when the word \"subnormal\" appears (simple include)","invocations":1,"location":null,"numPassingAsserts":2,"retryReasons":[],"startAt":1762095890597,"status":"passed","title":"flags when the word \"subnormal\" appears (simple include)"},{"ancestorTitles":["ContentModerationService — extensive test suite"],"duration":1,"failing":false,"failureDetails":[],"failureMessages":[],"fullName":"ContentModerationService — extensive test suite flags when the word \"mongol\" appears (simple include)","invocations":1,"location":null,"numPassingAsserts":2,"retryReasons":[],"startAt":1762095890599,"status":"passed","title":"flags when the word \"mongol\" appears (simple include)"},{"ancestorTitles":["ContentModerationService — extensive test suite"],"duration":1,"failing":false,"failureDetails":[],"failureMessages":[],"fullName":"ContentModerationService — extensive test suite flags when the word \"tarado\" appears (simple include)","invocations":1,"location":null,"numPassingAsserts":2,"retryReasons":[],"startAt":1762095890601,"status":"passed","title":"flags when the word \"tarado\" appears (simple include)"},{"ancestorTitles":["ContentModerationService — extensive test suite"],"duration":1,"failing":false,"failureDetails":[],"failureMessages":[],"fullName":"ContentModerationService — extensive test suite flags when the word \"gilipollas\" appears (simple include)","invocations":1,"location":null,"numPassingAsserts":2,"retryReasons":[],"startAt":1762095890603,"status":"passed","title":"flags when the word \"gilipollas\" appears (simple include)"},{"ancestorTitles":["ContentModerationService — extensive test suite"],"duration":1,"failing":false,"failureDetails":[],"failureMessages":[],"fullName":"ContentModerationService — extensive test suite flags when the word \"capullo\" appears (simple include)","invocations":1,"location":null,"numPassingAsserts":2,"retryReasons":[],"startAt":1762095890605,"status":"passed","title":"flags when the word \"capullo\" appears (simple include)"},{"ancestorTitles":["ContentModerationService — extensive test suite"],"duration":2,"failing":false,"failureDetails":[],"failureMessages":[],"fullName":"ContentModerationService — extensive test suite flags when the word \"cabrón\" appears (simple include)","invocations":1,"location":null,"numPassingAsserts":2,"retryReasons":[],"startAt":1762095890606,"status":"passed","title":"flags when the word \"cabrón\" appears (simple include)"},{"ancestorTitles":["ContentModerationService — extensive test suite"],"duration":1,"failing":false,"failureDetails":[],"failureMessages":[],"fullName":"ContentModerationService — extensive test suite flags when the word \"mamón\" appears (simple include)","invocations":1,"location":null,"numPassingAsserts":2,"retryReasons":[],"startAt":1762095890609,"status":"passed","title":"flags when the word \"mamón\" appears (simple include)"},{"ancestorTitles":["ContentModerationService — extensive test suite"],"duration":0,"failing":false,"failureDetails":[],"failureMessages":[],"fullName":"ContentModerationService — extensive test suite flags when the word \"pelotudo\" appears (simple include)","invocations":1,"location":null,"numPassingAsserts":2,"retryReasons":[],"startAt":1762095890611,"status":"passed","title":"flags when the word \"pelotudo\" appears (simple include)"},{"ancestorTitles":["ContentModerationService — extensive test suite"],"duration":1,"failing":false,"failureDetails":[],"failureMessages":[],"fullName":"ContentModerationService — extensive test suite flags when the word \"boludo\" appears (simple include)","invocations":1,"location":null,"numPassingAsserts":2,"retryReasons":[],"startAt":1762095890612,"status":"passed","title":"flags when the word \"boludo\" appears (simple include)"},{"ancestorTitles":["ContentModerationService — extensive test suite"],"duration":2,"failing":false,"failureDetails":[],"failureMessages":[],"fullName":"ContentModerationService — extensive test suite flags when the word \"desgraciado\" appears (simple include)","invocations":1,"location":null,"numPassingAsserts":2,"retryReasons":[],"startAt":1762095890613,"status":"passed","title":"flags when the word \"desgraciado\" appears (simple include)"},{"ancestorTitles":["ContentModerationService — extensive test suite"],"duration":1,"failing":false,"failureDetails":[],"failureMessages":[],"fullName":"ContentModerationService — extensive test suite flags when the word \"cretino\" appears (simple include)","invocations":1,"location":null,"numPassingAsserts":2,"retryReasons":[],"startAt":1762095890615,"status":"passed","title":"flags when the word \"cretino\" appears (simple include)"},{"ancestorTitles":["ContentModerationService — extensive test suite"],"duration":5,"failing":false,"failureDetails":[],"failureMessages":[],"fullName":"ContentModerationService — extensive test suite flags when the word \"baboso\" appears (simple include)","invocations":1,"location":null,"numPassingAsserts":2,"retryReasons":[],"startAt":1762095890617,"status":"passed","title":"flags when the word \"baboso\" appears (simple include)"},{"ancestorTitles":["ContentModerationService — extensive test suite"],"duration":1,"failing":false,"failureDetails":[],"failureMessages":[],"fullName":"ContentModerationService — extensive test suite flags when the word \"escoria\" appears (simple include)","invocations":1,"location":null,"numPassingAsserts":2,"retryReasons":[],"startAt":1762095890623,"status":"passed","title":"flags when the word \"escoria\" appears (simple include)"},{"ancestorTitles":["ContentModerationService — extensive test suite"],"duration":1,"failing":false,"failureDetails":[],"failureMessages":[],"fullName":"ContentModerationService — extensive test suite flags when the word \"basura\" appears (simple include)","invocations":1,"location":null,"numPassingAsserts":2,"retryReasons":[],"startAt":1762095890625,"status":"passed","title":"flags when the word \"basura\" appears (simple include)"},{"ancestorTitles":["ContentModerationService — extensive test suite"],"duration":2,"failing":false,"failureDetails":[],"failureMessages":[],"fullName":"ContentModerationService — extensive test suite flags when the word \"mierda\" appears (simple include)","invocations":1,"location":null,"numPassingAsserts":2,"retryReasons":[],"startAt":1762095890626,"status":"passed","title":"flags when the word \"mierda\" appears (simple include)"},{"ancestorTitles":["ContentModerationService — extensive test suite"],"duration":1,"failing":false,"failureDetails":[],"failureMessages":[],"fullName":"ContentModerationService — extensive test suite flags when the word \"joder\" appears (simple include)","invocations":1,"location":null,"numPassingAsserts":2,"retryReasons":[],"startAt":1762095890628,"status":"passed","title":"flags when the word \"joder\" appears (simple include)"},{"ancestorTitles":["ContentModerationService — extensive test suite"],"duration":1,"failing":false,"failureDetails":[],"failureMessages":[],"fullName":"ContentModerationService — extensive test suite flags when the word \"hostia\" appears (simple include)","invocations":1,"location":null,"numPassingAsserts":2,"retryReasons":[],"startAt":1762095890630,"status":"passed","title":"flags when the word \"hostia\" appears (simple include)"},{"ancestorTitles":["ContentModerationService — extensive test suite"],"duration":1,"failing":false,"failureDetails":[],"failureMessages":[],"fullName":"ContentModerationService — extensive test suite flags when the word \"carajo\" appears (simple include)","invocations":1,"location":null,"numPassingAsserts":2,"retryReasons":[],"startAt":1762095890631,"status":"passed","title":"flags when the word \"carajo\" appears (simple include)"},{"ancestorTitles":["ContentModerationService — extensive test suite"],"duration":1,"failing":false,"failureDetails":[],"failureMessages":[],"fullName":"ContentModerationService — extensive test suite flags when the word \"sexo\" appears (simple include)","invocations":1,"location":null,"numPassingAsserts":2,"retryReasons":[],"startAt":1762095890633,"status":"passed","title":"flags when the word \"sexo\" appears (simple include)"},{"ancestorTitles":["ContentModerationService — extensive test suite"],"duration":2,"failing":false,"failureDetails":[],"failureMessages":[],"fullName":"ContentModerationService — extensive test suite flags when the word \"porno\" appears (simple include)","invocations":1,"location":null,"numPassingAsserts":2,"retryReasons":[],"startAt":1762095890635,"status":"passed","title":"flags when the word \"porno\" appears (simple include)"},{"ancestorTitles":["ContentModerationService — extensive test suite"],"duration":2,"failing":false,"failureDetails":[],"failureMessages":[],"fullName":"ContentModerationService — extensive test suite flags when the word \"desnudo\" appears (simple include)","invocations":1,"location":null,"numPassingAsserts":2,"retryReasons":[],"startAt":1762095890637,"status":"passed","title":"flags when the word \"desnudo\" appears (simple include)"},{"ancestorTitles":["ContentModerationService — extensive test suite"],"duration":1,"failing":false,"failureDetails":[],"failureMessages":[],"fullName":"ContentModerationService — extensive test suite flags when the word \"desnuda\" appears (simple include)","invocations":1,"location":null,"numPassingAsserts":2,"retryReasons":[],"startAt":1762095890639,"status":"passed","title":"flags when the word \"desnuda\" appears (simple include)"},{"ancestorTitles":["ContentModerationService — extensive test suite"],"duration":2,"failing":false,"failureDetails":[],"failureMessages":[],"fullName":"ContentModerationService — extensive test suite flags when the word \"masturbar\" appears (simple include)","invocations":1,"location":null,"numPassingAsserts":2,"retryReasons":[],"startAt":1762095890640,"status":"passed","title":"flags when the word \"masturbar\" appears (simple include)"},{"ancestorTitles":["ContentModerationService — extensive test suite"],"duration":1,"failing":false,"failureDetails":[],"failureMessages":[],"fullName":"ContentModerationService — extensive test suite flags when the word \"eyacular\" appears (simple include)","invocations":1,"location":null,"numPassingAsserts":2,"retryReasons":[],"startAt":1762095890642,"status":"passed","title":"flags when the word \"eyacular\" appears (simple include)"},{"ancestorTitles":["ContentModerationService — extensive test suite"],"duration":1,"failing":false,"failureDetails":[],"failureMessages":[],"fullName":"ContentModerationService — extensive test suite flags when the word \"orgasmo\" appears (simple include)","invocations":1,"location":null,"numPassingAsserts":2,"retryReasons":[],"startAt":1762095890644,"status":"passed","title":"flags when the word \"orgasmo\" appears (simple include)"},{"ancestorTitles":["ContentModerationService — extensive test suite"],"duration":1,"failing":false,"failureDetails":[],"failureMessages":[],"fullName":"ContentModerationService — extensive test suite flags when the word \"semen\" appears (simple include)","invocations":1,"location":null,"numPassingAsserts":2,"retryReasons":[],"startAt":1762095890646,"status":"passed","title":"flags when the word \"semen\" appears (simple include)"},{"ancestorTitles":["ContentModerationService — extensive test suite"],"duration":1,"failing":false,"failureDetails":[],"failureMessages":[],"fullName":"ContentModerationService — extensive test suite flags when the word \"vagina\" appears (simple include)","invocations":1,"location":null,"numPassingAsserts":2,"retryReasons":[],"startAt":1762095890647,"status":"passed","title":"flags when the word \"vagina\" appears (simple include)"},{"ancestorTitles":["ContentModerationService — extensive test suite"],"duration":1,"failing":false,"failureDetails":[],"failureMessages":[],"fullName":"ContentModerationService — extensive test suite flags when the word \"pene\" appears (simple include)","invocations":1,"location":null,"numPassingAsserts":2,"retryReasons":[],"startAt":1762095890649,"status":"passed","title":"flags when the word \"pene\" appears (simple include)"},{"ancestorTitles":["ContentModerationService — extensive test suite"],"duration":3,"failing":false,"failureDetails":[],"failureMessages":[],"fullName":"ContentModerationService — extensive test suite flags when the word \"coño\" appears (simple include)","invocations":1,"location":null,"numPassingAsserts":2,"retryReasons":[],"startAt":1762095890650,"status":"passed","title":"flags when the word \"coño\" appears (simple include)"},{"ancestorTitles":["ContentModerationService — extensive test suite"],"duration":1,"failing":false,"failureDetails":[],"failureMessages":[],"fullName":"ContentModerationService — extensive test suite flags when the word \"chocho\" appears (simple include)","invocations":1,"location":null,"numPassingAsserts":2,"retryReasons":[],"startAt":1762095890654,"status":"passed","title":"flags when the word \"chocho\" appears (simple include)"},{"ancestorTitles":["ContentModerationService — extensive test suite"],"duration":1,"failing":false,"failureDetails":[],"failureMessages":[],"fullName":"ContentModerationService — extensive test suite flags when the word \"cipote\" appears (simple include)","invocations":1,"location":null,"numPassingAsserts":2,"retryReasons":[],"startAt":1762095890656,"status":"passed","title":"flags when the word \"cipote\" appears (simple include)"},{"ancestorTitles":["ContentModerationService — extensive test suite"],"duration":1,"failing":false,"failureDetails":[],"failureMessages":[],"fullName":"ContentModerationService — extensive test suite flags when the word \"polla\" appears (simple include)","invocations":1,"location":null,"numPassingAsserts":2,"retryReasons":[],"startAt":1762095890657,"status":"passed","title":"flags when the word \"polla\" appears (simple include)"},{"ancestorTitles":["ContentModerationService — extensive test suite"],"duration":1,"failing":false,"failureDetails":[],"failureMessages":[],"fullName":"ContentModerationService — extensive test suite flags when the word \"verga\" appears (simple include)","invocations":1,"location":null,"numPassingAsserts":2,"retryReasons":[],"startAt":1762095890659,"status":"passed","title":"flags when the word \"verga\" appears (simple include)"},{"ancestorTitles":["ContentModerationService — extensive test suite"],"duration":1,"failing":false,"failureDetails":[],"failureMessages":[],"fullName":"ContentModerationService — extensive test suite flags when the word \"pito\" appears (simple include)","invocations":1,"location":null,"numPassingAsserts":2,"retryReasons":[],"startAt":1762095890661,"status":"passed","title":"flags when the word \"pito\" appears (simple include)"},{"ancestorTitles":["ContentModerationService — extensive test suite"],"duration":1,"failing":false,"failureDetails":[],"failureMessages":[],"fullName":"ContentModerationService — extensive test suite flags when the word \"culo\" appears (simple include)","invocations":1,"location":null,"numPassingAsserts":2,"retryReasons":[],"startAt":1762095890662,"status":"passed","title":"flags when the word \"culo\" appears (simple include)"},{"ancestorTitles":["ContentModerationService — extensive test suite"],"duration":1,"failing":false,"failureDetails":[],"failureMessages":[],"fullName":"ContentModerationService — extensive test suite flags when the word \"tetas\" appears (simple include)","invocations":1,"location":null,"numPassingAsserts":2,"retryReasons":[],"startAt":1762095890664,"status":"passed","title":"flags when the word \"tetas\" appears (simple include)"},{"ancestorTitles":["ContentModerationService — extensive test suite"],"duration":1,"failing":false,"failureDetails":[],"failureMessages":[],"fullName":"ContentModerationService — extensive test suite flags when the word \"follar\" appears (simple include)","invocations":1,"location":null,"numPassingAsserts":2,"retryReasons":[],"startAt":1762095890666,"status":"passed","title":"flags when the word \"follar\" appears (simple include)"},{"ancestorTitles":["ContentModerationService — extensive test suite"],"duration":1,"failing":false,"failureDetails":[],"failureMessages":[],"fullName":"ContentModerationService — extensive test suite flags when the word \"coger\" appears (simple include)","invocations":1,"location":null,"numPassingAsserts":2,"retryReasons":[],"startAt":1762095890668,"status":"passed","title":"flags when the word \"coger\" appears (simple include)"},{"ancestorTitles":["ContentModerationService — extensive test suite"],"duration":1,"failing":false,"failureDetails":[],"failureMessages":[],"fullName":"ContentModerationService — extensive test suite flags when the word \"chingar\" appears (simple include)","invocations":1,"location":null,"numPassingAsserts":2,"retryReasons":[],"startAt":1762095890670,"status":"passed","title":"flags when the word \"chingar\" appears (simple include)"},{"ancestorTitles":["ContentModerationService — extensive test suite"],"duration":1,"failing":false,"failureDetails":[],"failureMessages":[],"fullName":"ContentModerationService — extensive test suite flags when the word \"puta\" appears (simple include)","invocations":1,"location":null,"numPassingAsserts":2,"retryReasons":[],"startAt":1762095890672,"status":"passed","title":"flags when the word \"puta\" appears (simple include)"},{"ancestorTitles":["ContentModerationService — extensive test suite"],"duration":1,"failing":false,"failureDetails":[],"failureMessages":[],"fullName":"ContentModerationService — extensive test suite flags when the word \"zorra\" appears (simple include)","invocations":1,"location":null,"numPassingAsserts":2,"retryReasons":[],"startAt":1762095890674,"status":"passed","title":"flags when the word \"zorra\" appears (simple include)"},{"ancestorTitles":["ContentModerationService — extensive test suite"],"duration":1,"failing":false,"failureDetails":[],"failureMessages":[],"fullName":"ContentModerationService — extensive test suite flags when the word \"perra\" appears (simple include)","invocations":1,"location":null,"numPassingAsserts":2,"retryReasons":[],"startAt":1762095890676,"status":"passed","title":"flags when the word \"perra\" appears (simple include)"},{"ancestorTitles":["ContentModerationService — extensive test suite"],"duration":2,"failing":false,"failureDetails":[],"failureMessages":[],"fullName":"ContentModerationService — extensive test suite flags when the word \"cocaina\" appears (simple include)","invocations":1,"location":null,"numPassingAsserts":2,"retryReasons":[],"startAt":1762095890677,"status":"passed","title":"flags when the word \"cocaina\" appears (simple include)"},{"ancestorTitles":["ContentModerationService — extensive test suite"],"duration":2,"failing":false,"failureDetails":[],"failureMessages":[],"fullName":"ContentModerationService — extensive test suite flags when the word \"heroina\" appears (simple include)","invocations":1,"location":null,"numPassingAsserts":2,"retryReasons":[],"startAt":1762095890679,"status":"passed","title":"flags when the word \"heroina\" appears (simple include)"},{"ancestorTitles":["ContentModerationService — extensive test suite"],"duration":1,"failing":false,"failureDetails":[],"failureMessages":[],"fullName":"ContentModerationService — extensive test suite flags when the word \"droga\" appears (simple include)","invocations":1,"location":null,"numPassingAsserts":2,"retryReasons":[],"startAt":1762095890682,"status":"passed","title":"flags when the word \"droga\" appears (simple include)"},{"ancestorTitles":["ContentModerationService — extensive test suite"],"duration":1,"failing":false,"failureDetails":[],"failureMessages":[],"fullName":"ContentModerationService — extensive test suite flags when the word \"narco\" appears (simple include)","invocations":1,"location":null,"numPassingAsserts":2,"retryReasons":[],"startAt":1762095890683,"status":"passed","title":"flags when the word \"narco\" appears (simple include)"},{"ancestorTitles":["ContentModerationService — extensive test suite"],"duration":1,"failing":false,"failureDetails":[],"failureMessages":[],"fullName":"ContentModerationService — extensive test suite flags when the word \"robar\" appears (simple include)","invocations":1,"location":null,"numPassingAsserts":2,"retryReasons":[],"startAt":1762095890685,"status":"passed","title":"flags when the word \"robar\" appears (simple include)"},{"ancestorTitles":["ContentModerationService — extensive test suite"],"duration":1,"failing":false,"failure
[...]
ert a dream node","invocations":1,"location":null,"numPassingAsserts":4,"retryReasons":[],"startAt":1762095891192,"status":"passed","title":"should correctly insert a dream node"},{"ancestorTitles":["DreamNodeRepositorySupabase"],"duration":1,"failing":false,"failureDetails":[],"failureMessages":[],"fullName":"DreamNodeRepositorySupabase should return error if Supabase returns error","invocations":1,"location":null,"numPassingAsserts":3,"retryReasons":[],"startAt":1762095891194,"status":"passed","title":"should return error if Supabase returns error"}],"endTime":1762095891196,"message":"","name":"D:\\Facultad\\TI\\oniria3\\oniria-api\\test\\unit\\infraestructure\\repositories\\dream-node.repository.supabase.test.ts","startTime":1762095891061,"status":"passed","summary":""},{"assertionResults":[{"ancestorTitles":["RoomService","getUserRooms"],"duration":5,"failing":false,"failureDetails":[],"failureMessages":[],"fullName":"RoomService getUserRooms should return rooms successfully","invocations":1,"location":null,"numPassingAsserts":4,"retryReasons":[],"startAt":1762095891277,"status":"passed","title":"should return rooms successfully"},{"ancestorTitles":["RoomService","getUserRooms"],"duration":12,"failing":false,"failureDetails":[],"failureMessages":[],"fullName":"RoomService getUserRooms should handle errors gracefully","invocations":1,"location":null,"numPassingAsserts":4,"retryReasons":[],"startAt":1762095891283,"status":"passed","title":"should handle errors gracefully"},{"ancestorTitles":["RoomService","getUserRooms"],"duration":1,"failing":false,"failureDetails":[],"failureMessages":[],"fullName":"RoomService getUserRooms should handle empty userId","invocations":1,"location":null,"numPassingAsserts":4,"retryReasons":[],"startAt":1762095891295,"status":"passed","title":"should handle empty userId"},{"ancestorTitles":["RoomService","getDefaultRooms"],"duration":1,"failing":false,"failureDetails":[],"failureMessages":[],"fullName":"RoomService getDefaultRooms should return default rooms successfully","invocations":1,"location":null,"numPassingAsserts":2,"retryReasons":[],"startAt":1762095891296,"status":"passed","title":"should return default rooms successfully"},{"ancestorTitles":["RoomService","getDefaultRooms"],"duration":1,"failing":false,"failureDetails":[],"failureMessages":[],"fullName":"RoomService getDefaultRooms should handle errors gracefully","invocations":1,"location":null,"numPassingAsserts":2,"retryReasons":[],"startAt":1762095891297,"status":"passed","title":"should handle errors gracefully"},{"ancestorTitles":["RoomService","checkRoomAccess"],"duration":1,"failing":false,"failureDetails":[],"failureMessages":[],"fullName":"RoomService checkRoomAccess should return true for default rooms","invocations":1,"location":null,"numPassingAsserts":2,"retryReasons":[],"startAt":1762095891299,"status":"passed","title":"should return true for default rooms"},{"ancestorTitles":["RoomService","checkRoomAccess"],"duration":1,"failing":false,"failureDetails":[],"failureMessages":[],"fullName":"RoomService checkRoomAccess should return true for owned rooms","invocations":1,"location":null,"numPassingAsserts":2,"retryReasons":[],"startAt":1762095891300,"status":"passed","title":"should return true for owned rooms"},{"ancestorTitles":["RoomService","checkRoomAccess"],"duration":1,"failing":false,"failureDetails":[],"failureMessages":[],"fullName":"RoomService checkRoomAccess should return false for non-existent room","invocations":1,"location":null,"numPassingAsserts":2,"retryReasons":[],"startAt":1762095891301,"status":"passed","title":"should return false for non-existent room"},{"ancestorTitles":["RoomService","checkRoomAccess"],"duration":1,"failing":false,"failureDetails":[],"failureMessages":[],"fullName":"RoomService checkRoomAccess should return false when no userId is provided","invocations":1,"location":null,"numPassingAsserts":2,"retryReasons":[],"startAt":1762095891302,"status":"passed","title":"should return false when no userId is provided"},{"ancestorTitles":["RoomService","updateRoom"],"duration":1,"failing":false,"failureDetails":[],"failureMessages":[],"fullName":"RoomService updateRoom should update room successfully","invocations":1,"location":null,"numPassingAsserts":3,"retryReasons":[],"startAt":1762095891304,"status":"passed","title":"should update room successfully"},{"ancestorTitles":["RoomService","updateRoom"],"duration":4,"failing":false,"failureDetails":[],"failureMessages":[],"fullName":"RoomService updateRoom should throw error when room not found","invocations":1,"location":null,"numPassingAsserts":1,"retryReasons":[],"startAt":1762095891305,"status":"passed","title":"should throw error when room not found"},{"ancestorTitles":["RoomService","updateRoom"],"duration":1,"failing":false,"failureDetails":[],"failureMessages":[],"fullName":"RoomService updateRoom should validate update data","invocations":1,"location":null,"numPassingAsserts":2,"retryReasons":[],"startAt":1762095891309,"status":"passed","title":"should validate update data"}],"endTime":1762095891311,"message":"","name":"D:\\Facultad\\TI\\oniria3\\oniria-api\\test\\unit\\application\\services\\room.service.test.ts","startTime":1762095891204,"status":"passed","summary":""},{"assertionResults":[{"ancestorTitles":["InterpretationDreamService","interpretDream"],"duration":1,"failing":false,"failureDetails":[],"failureMessages":[],"fullName":"InterpretationDreamService interpretDream should successfully interpret a dream","invocations":1,"location":null,"numPassingAsserts":3,"retryReasons":[],"startAt":1762095891412,"status":"passed","title":"should successfully interpret a dream"},{"ancestorTitles":["InterpretationDreamService","interpretDream"],"duration":8,"failing":false,"failureDetails":[],"failureMessages":[],"fullName":"InterpretationDreamService interpretDream should throw error when interpretation fails","invocations":1,"location":null,"numPassingAsserts":2,"retryReasons":[],"startAt":1762095891414,"status":"passed","title":"should throw error when interpretation fails"},{"ancestorTitles":["InterpretationDreamService","interpretDream"],"duration":1,"failing":false,"failureDetails":[],"failureMessages":[],"fullName":"InterpretationDreamService interpretDream should handle empty dream description","invocations":1,"location":null,"numPassingAsserts":2,"retryReasons":[],"startAt":1762095891422,"status":"passed","title":"should handle empty dream description"},{"ancestorTitles":["InterpretationDreamService","reinterpretDream"],"duration":1,"failing":false,"failureDetails":[],"failureMessages":[],"fullName":"InterpretationDreamService reinterpretDream should successfully reinterpret a dream with previous interpretation","invocations":1,"location":null,"numPassingAsserts":3,"retryReasons":[],"startAt":1762095891423,"status":"passed","title":"should successfully reinterpret a dream with previous interpretation"},{"ancestorTitles":["InterpretationDreamService","reinterpretDream"],"duration":1,"failing":false,"failureDetails":[],"failureMessages":[],"fullName":"InterpretationDreamService reinterpretDream should throw error when reinterpretation fails","invocations":1,"location":null,"numPassingAsserts":2,"retryReasons":[],"startAt":1762095891424,"status":"passed","title":"should throw error when reinterpretation fails"},{"ancestorTitles":["InterpretationDreamService","reinterpretDream"],"duration":1,"failing":false,"failureDetails":[],"failureMessages":[],"fullName":"InterpretationDreamService reinterpretDream should handle empty previous interpretation","invocations":1,"location":null,"numPassingAsserts":2,"retryReasons":[],"startAt":1762095891425,"status":"passed","title":"should handle empty previous interpretation"},{"ancestorTitles":["InterpretationDreamService","reinterpretDream"],"duration":1,"failing":false,"failureDetails":[],"failureMessages":[],"fullName":"InterpretationDreamService reinterpretDream should handle both empty description and previous interpretation","invocations":1,"location":null,"numPassingAsserts":2,"retryReasons":[],"startAt":1762095891426,"status":"passed","title":"should handle both empty description and previous interpretation"},{"ancestorTitles":["InterpretationDreamService","dream types"],"duration":1,"failing":false,"failureDetails":[],"failureMessages":[],"fullName":"InterpretationDreamService dream types should handle Estandar dream type correctly","invocations":1,"location":null,"numPassingAsserts":3,"retryReasons":[],"startAt":1762095891427,"status":"passed","title":"should handle Estandar dream type correctly"},{"ancestorTitles":["InterpretationDreamService","dream types"],"duration":1,"failing":false,"failureDetails":[],"failureMessages":[],"fullName":"InterpretationDreamService dream types should handle Lucido dream type correctly","invocations":1,"location":null,"numPassingAsserts":3,"retryReasons":[],"startAt":1762095891428,"status":"passed","title":"should handle Lucido dream type correctly"},{"ancestorTitles":["InterpretationDreamService","dream types"],"duration":0,"failing":false,"failureDetails":[],"failureMessages":[],"fullName":"InterpretationDreamService dream types should handle Recurrente dream type correctly","invocations":1,"location":null,"numPassingAsserts":3,"retryReasons":[],"startAt":1762095891429,"status":"passed","title":"should handle Recurrente dream type correctly"},{"ancestorTitles":["InterpretationDreamService","dream types"],"duration":0,"failing":false,"failureDetails":[],"failureMessages":[],"fullName":"InterpretationDreamService dream types should handle Pesadilla dream type correctly","invocations":1,"location":null,"numPassingAsserts":3,"retryReasons":[],"startAt":1762095891430,"status":"passed","title":"should handle Pesadilla dream type correctly"},{"ancestorTitles":["InterpretationDreamService","service initialization"],"duration":1,"failing":false,"failureDetails":[],"failureMessages":[],"fullName":"InterpretationDreamService service initialization should initialize with interpretation provider","invocations":1,"location":null,"numPassingAsserts":1,"retryReasons":[],"startAt":1762095891430,"status":"passed","title":"should initialize with interpretation provider"}],"endTime":1762095891432,"message":"","name":"D:\\Facultad\\TI\\oniria3\\oniria-api\\test\\unit\\application\\services\\interpretation-dream.service.test.ts","startTime":1762095891327,"status":"passed","summary":""},{"assertionResults":[{"ancestorTitles":["DreamNodeController Integration Tests","DreamNodeController.reinterpret"],"duration":2,"failing":false,"failureDetails":[],"failureMessages":[],"fullName":"DreamNodeController Integration Tests DreamNodeController.reinterpret should reinterpret a dream successfully","invocations":1,"location":null,"numPassingAsserts":2,"retryReasons":[],"startAt":1762095891518,"status":"passed","title":"should reinterpret a dream successfully"},{"ancestorTitles":["DreamNodeController Integration Tests","DreamNodeController.reinterpret"],"duration":12,"failing":false,"failureDetails":[],"failureMessages":[],"fullName":"DreamNodeController Integration Tests DreamNodeController.reinterpret should handle errors during reinterpretation","invocations":1,"location":null,"numPassingAsserts":2,"retryReasons":[],"startAt":1762095891520,"status":"passed","title":"should handle errors during reinterpretation"},{"ancestorTitles":["DreamNodeController Integration Tests","DreamNodeController.reinterpret"],"duration":1,"failing":false,"failureDetails":[],"failureMessages":[],"fullName":"DreamNodeController Integration Tests DreamNodeController.reinterpret debería manejar errores al reinterpretar","invocations":1,"location":null,"numPassingAsserts":2,"retryReasons":[],"startAt":1762095891533,"status":"passed","title":"debería manejar errores al reinterpretar"},{"ancestorTitles":["DreamNodeController Integration Tests","DreamNodeController.save"],"duration":2,"failing":false,"failureDetails":[],"failureMessages":[],"fullName":"DreamNodeController Integration Tests DreamNodeController.save should save a dream node successfully","invocations":1,"location":null,"numPassingAsserts":3,"retryReasons":[],"startAt":1762095891535,"status":"passed","title":"should save a dream node successfully"},{"ancestorTitles":["DreamNodeController Integration Tests","DreamNodeController.save"],"duration":1,"failing":false,"failureDetails":[],"failureMessages":[],"fullName":"DreamNodeController Integration Tests DreamNodeController.save should handle missing session context","invocations":1,"location":null,"numPassingAsserts":2,"retryReasons":[],"startAt":1762095891537,"status":"passed","title":"should handle missing session context"},{"ancestorTitles":["DreamNodeController Integration Tests","DreamNodeController.save"],"duration":2,"failing":false,"failureDetails":[],"failureMessages":[],"fullName":"DreamNodeController Integration Tests DreamNodeController.save should handle save errors","invocations":1,"location":null,"numPassingAsserts":2,"retryReasons":[],"startAt":1762095891538,"status":"passed","title":"should handle save errors"},{"ancestorTitles":["DreamNodeController Integration Tests","DreamNodeController.getUserNodes"],"duration":1,"failing":false,"failureDetails":[],"failureMessages":[],"fullName":"DreamNodeController Integration Tests DreamNodeController.getUserNodes should return paginated result with filters and pagination","invocations":1,"location":null,"numPassingAsserts":2,"retryReasons":[],"startAt":1762095891540,"status":"passed","title":"should return paginated result with filters and pagination"},{"ancestorTitles":["DreamNodeController Integration Tests","DreamNodeController.getUserNodes"],"duration":1,"failing":false,"failureDetails":[],"failureMessages":[],"fullName":"DreamNodeController Integration Tests DreamNodeController.getUserNodes should return 400 when userId is missing","invocations":1,"location":null,"numPassingAsserts":2,"retryReasons":[],"startAt":1762095891541,"status":"passed","title":"should return 400 when userId is missing"},{"ancestorTitles":["DreamNodeController Integration Tests","DreamNodeController.getUserNodes"],"duration":2,"failing":false,"failureDetails":[],"failureMessages":[],"fullName":"DreamNodeController Integration Tests DreamNodeController.getUserNodes should return 500 when service throws an error","invocations":1,"location":null,"numPassingAsserts":3,"retryReasons":[],"startAt":1762095891542,"status":"passed","title":"should return 500 when service throws an error"}],"endTime":1762095891545,"message":"","name":"D:\\Facultad\\TI\\oniria3\\oniria-api\\test\\unit\\infraestructure\\controllers\\dream-controller.test.ts","startTime":1762095891440,"status":"passed","summary":""},{"assertionResults":[{"ancestorTitles":["TranscriptionService"],"duration":2,"failing":false,"failureDetails":[],"failureMessages":[],"fullName":"TranscriptionService debe retornar el texto transcrito correctamente","invocations":1,"location":null,"numPassingAsserts":2,"retryReasons":[],"startAt":1762095891641,"status":"passed","title":"debe retornar el texto transcrito correctamente"},{"ancestorTitles":["TranscriptionService"],"duration":3,"failing":false,"failureDetails":[],"failureMessages":[],"fullName":"TranscriptionService debe lanzar un error con mensaje personalizado si el proveedor falla","invocations":1,"location":null,"numPassingAsserts":1,"retryReasons":[],"startAt":1762095891643,"status":"passed","title":"debe lanzar un error con mensaje personalizado si el proveedor falla"}],"endTime":1762095891647,"message":"","name":"D:\\Facultad\\TI\\oniria3\\oniria-api\\test\\unit\\application\\services\\transcription-audio.service.test.ts","startTime":1762095891568,"status":"passed","summary":""},{"assertionResults":[{"ancestorTitles":["DreamNodeService - saveDreamNode"],"duration":1,"failing":false,"failureDetails":[],"failureMessages":[],"fullName":"DreamNodeService - saveDreamNode should save a dreamNode correctly with valid imageUrl","invocations":1,"location":null,"numPassingAsserts":1,"retryReasons":[],"startAt":1762095891741,"status":"passed","title":"should save a dreamNode correctly with valid imageUrl"},{"ancestorTitles":["DreamNodeService - saveDreamNode"],"duration":0,"failing":false,"failureDetails":[],"failureMessages":[],"fullName":"DreamNodeService - saveDreamNode should clean imageUrl if it’s invalid","invocations":1,"location":null,"numPassingAsserts":1,"retryReasons":[],"startAt":1762095891743,"status":"passed","title":"should clean imageUrl if it’s invalid"},{"ancestorTitles":["DreamNodeService - saveDreamNode"],"duration":0,"failing":false,"failureDetails":[],"failureMessages":[],"fullName":"DreamNodeService - saveDreamNode should handle missing imageUrl gracefully","invocations":1,"location":null,"numPassingAsserts":1,"retryReasons":[],"startAt":1762095891744,"status":"passed","title":"should handle missing imageUrl gracefully"},{"ancestorTitles":["DreamNodeService - saveDreamNode"],"duration":6,"failing":false,"failureDetails":[],"failureMessages":[],"fullName":"DreamNodeService - saveDreamNode should throw an error if the repository fails","invocations":1,"location":null,"numPassingAsserts":1,"retryReasons":[],"startAt":1762095891745,"status":"passed","title":"should throw an error if the repository fails"}],"endTime":1762095891752,"message":"","name":"D:\\Facultad\\TI\\oniria3\\oniria-api\\test\\unit\\application\\services\\dream-node.service.test.ts","startTime":1762095891654,"status":"passed","summary":""},{"assertionResults":[{"ancestorTitles":["TranscripcionController"],"duration":1,"failing":false,"failureDetails":[],"failureMessages":[],"fullName":"TranscripcionController debe devolver 400 si no se proporciona archivo","invocations":1,"location":null,"numPassingAsserts":2,"retryReasons":[],"startAt":1762095891843,"status":"passed","title":"debe devolver 400 si no se proporciona archivo"},{"ancestorTitles":["TranscripcionController"],"duration":0,"failing":false,"failureDetails":[],"failureMessages":[],"fullName":"TranscripcionController debe devolver el texto transcrito correctamente","invocations":1,"location":null,"numPassingAsserts":2,"retryReasons":[],"startAt":1762095891845,"status":"passed","title":"debe devolver el texto transcrito correctamente"},{"ancestorTitles":["TranscripcionController"],"duration":5,"failing":false,"failureDetails":[],"failureMessages":[],"fullName":"TranscripcionController debe manejar errores internos devolviendo 500","invocations":1,"location":null,"numPassingAsserts":2,"retryReasons":[],"startAt":1762095891846,"status":"passed","title":"debe manejar errores internos devolviendo 500"}],"endTime":1762095891852,"message":"","name":"D:\\Facultad\\TI\\oniria3\\oniria-api\\test\\unit\\infraestructure\\controllers\\transcription-audio.controller.test.ts","startTime":1762095891760,"status":"passed","summary":""},{"assertionResults":[{"ancestorTitles":["Basic Tests"],"duration":1,"failing":false,"failureDetails":[],"failureMessages":[],"fullName":"Basic Tests should pass basic math","invocations":1,"location":null,"numPassingAsserts":1,"retryReasons":[],"startAt":1762095891930,"status":"passed","title":"should pass basic math"},{"ancestorTitles":["Basic Tests"],"duration":0,"failing":false,"failureDetails":[],"failureMessages":[],"fullName":"Basic Tests should validate string","invocations":1,"location":null,"numPassingAsserts":1,"retryReasons":[],"startAt":1762095891932,"status":"passed","title":"should validate string"},{"ancestorTitles":["Basic Tests"],"duration":1,"failing":false,"failureDetails":[],"failureMessages":[],"fullName":"Basic Tests should check array length","invocations":1,"location":null,"numPassingAsserts":1,"retryReasons":[],"startAt":1762095891932,"status":"passed","title":"should check array length"}],"endTime":1762095891933,"message":"","name":"D:\\Facultad\\TI\\oniria3\\oniria-api\\test\\index.test.ts","startTime":1762095891866,"status":"passed","summary":""}],"wasInterrupted":false}
 